{"/Users/davidpaul/Documents/HackReactor/Main-Media-Player/client/src/index.jsx": {"path":"/Users/davidpaul/Documents/HackReactor/Main-Media-Player/client/src/index.jsx","statementMap":{"0":{"start":{"line":5,"column":0},"end":{"line":5,"column":57}}},"fnMap":{},"branchMap":{},"s":{"0":0},"f":{},"b":{}}
,"/Users/davidpaul/Documents/HackReactor/Main-Media-Player/client/src/components/App.jsx": {"path":"/Users/davidpaul/Documents/HackReactor/Main-Media-Player/client/src/components/App.jsx","statementMap":{"0":{"start":{"line":14,"column":4},"end":{"line":14,"column":17}},"1":{"start":{"line":16,"column":4},"end":{"line":22,"column":5}},"2":{"start":{"line":24,"column":4},"end":{"line":24,"column":59}},"3":{"start":{"line":25,"column":4},"end":{"line":25,"column":47}},"4":{"start":{"line":26,"column":4},"end":{"line":26,"column":53}},"5":{"start":{"line":27,"column":4},"end":{"line":27,"column":59}},"6":{"start":{"line":28,"column":4},"end":{"line":28,"column":59}},"7":{"start":{"line":29,"column":4},"end":{"line":29,"column":71}},"8":{"start":{"line":33,"column":19},"end":{"line":33,"column":58}},"9":{"start":{"line":34,"column":4},"end":{"line":34,"column":43}},"10":{"start":{"line":35,"column":4},"end":{"line":37,"column":7}},"11":{"start":{"line":42,"column":4},"end":{"line":46,"column":5}},"12":{"start":{"line":43,"column":6},"end":{"line":45,"column":9}},"13":{"start":{"line":51,"column":21},"end":{"line":51,"column":66}},"14":{"start":{"line":51,"column":29},"end":{"line":51,"column":64}},"15":{"start":{"line":53,"column":4},"end":{"line":57,"column":5}},"16":{"start":{"line":54,"column":6},"end":{"line":54,"column":17}},"17":{"start":{"line":56,"column":6},"end":{"line":56,"column":30}},"18":{"start":{"line":59,"column":4},"end":{"line":61,"column":7}},"19":{"start":{"line":65,"column":4},"end":{"line":79,"column":9}},"20":{"start":{"line":67,"column":8},"end":{"line":67,"column":31}},"21":{"start":{"line":70,"column":8},"end":{"line":72,"column":11}},"22":{"start":{"line":73,"column":8},"end":{"line":75,"column":11}},"23":{"start":{"line":78,"column":8},"end":{"line":78,"column":27}},"24":{"start":{"line":83,"column":21},"end":{"line":83,"column":23}},"25":{"start":{"line":84,"column":4},"end":{"line":86,"column":5}},"26":{"start":{"line":84,"column":17},"end":{"line":84,"column":18}},"27":{"start":{"line":85,"column":6},"end":{"line":85,"column":85}},"28":{"start":{"line":87,"column":4},"end":{"line":89,"column":7}},"29":{"start":{"line":93,"column":14},"end":{"line":93,"column":35}},"30":{"start":{"line":94,"column":14},"end":{"line":94,"column":46}},"31":{"start":{"line":95,"column":4},"end":{"line":95,"column":44}},"32":{"start":{"line":100,"column":4},"end":{"line":100,"column":21}},"33":{"start":{"line":101,"column":4},"end":{"line":101,"column":27}},"34":{"start":{"line":106,"column":4},"end":{"line":106,"column":128}},"35":{"start":{"line":114,"column":4},"end":{"line":148,"column":6}},"36":{"start":{"line":154,"column":26},"end":{"line":168,"column":1}},"37":{"start":{"line":170,"column":28},"end":{"line":174,"column":1}},"38":{"start":{"line":176,"column":16},"end":{"line":181,"column":1}},"39":{"start":{"line":183,"column":14},"end":{"line":188,"column":1}},"40":{"start":{"line":190,"column":25},"end":{"line":198,"column":1}},"41":{"start":{"line":200,"column":27},"end":{"line":208,"column":1}},"42":{"start":{"line":210,"column":18},"end":{"line":217,"column":1}},"43":{"start":{"line":219,"column":25},"end":{"line":221,"column":1}},"44":{"start":{"line":223,"column":26},"end":{"line":225,"column":1}},"45":{"start":{"line":227,"column":26},"end":{"line":235,"column":1}}},"fnMap":{"0":{"name":"(anonymous_0)","decl":{"start":{"line":13,"column":2},"end":{"line":13,"column":3}},"loc":{"start":{"line":13,"column":21},"end":{"line":30,"column":3}},"line":13},"1":{"name":"(anonymous_1)","decl":{"start":{"line":32,"column":2},"end":{"line":32,"column":3}},"loc":{"start":{"line":32,"column":31},"end":{"line":38,"column":3}},"line":32},"2":{"name":"(anonymous_2)","decl":{"start":{"line":41,"column":2},"end":{"line":41,"column":3}},"loc":{"start":{"line":41,"column":17},"end":{"line":47,"column":3}},"line":41},"3":{"name":"(anonymous_3)","decl":{"start":{"line":42,"column":36},"end":{"line":42,"column":37}},"loc":{"start":{"line":42,"column":42},"end":{"line":46,"column":5}},"line":42},"4":{"name":"(anonymous_4)","decl":{"start":{"line":50,"column":2},"end":{"line":50,"column":3}},"loc":{"start":{"line":50,"column":20},"end":{"line":62,"column":3}},"line":50},"5":{"name":"(anonymous_5)","decl":{"start":{"line":51,"column":21},"end":{"line":51,"column":22}},"loc":{"start":{"line":51,"column":27},"end":{"line":51,"column":66}},"line":51},"6":{"name":"(anonymous_6)","decl":{"start":{"line":64,"column":2},"end":{"line":64,"column":3}},"loc":{"start":{"line":64,"column":14},"end":{"line":80,"column":3}},"line":64},"7":{"name":"(anonymous_7)","decl":{"start":{"line":66,"column":12},"end":{"line":66,"column":13}},"loc":{"start":{"line":66,"column":24},"end":{"line":68,"column":7}},"line":66},"8":{"name":"(anonymous_8)","decl":{"start":{"line":69,"column":12},"end":{"line":69,"column":13}},"loc":{"start":{"line":69,"column":21},"end":{"line":76,"column":7}},"line":69},"9":{"name":"(anonymous_9)","decl":{"start":{"line":77,"column":13},"end":{"line":77,"column":14}},"loc":{"start":{"line":77,"column":22},"end":{"line":79,"column":7}},"line":77},"10":{"name":"(anonymous_10)","decl":{"start":{"line":82,"column":2},"end":{"line":82,"column":3}},"loc":{"start":{"line":82,"column":20},"end":{"line":90,"column":3}},"line":82},"11":{"name":"(anonymous_11)","decl":{"start":{"line":92,"column":2},"end":{"line":92,"column":3}},"loc":{"start":{"line":92,"column":24},"end":{"line":96,"column":3}},"line":92},"12":{"name":"(anonymous_12)","decl":{"start":{"line":99,"column":2},"end":{"line":99,"column":3}},"loc":{"start":{"line":99,"column":22},"end":{"line":102,"column":3}},"line":99},"13":{"name":"(anonymous_13)","decl":{"start":{"line":104,"column":2},"end":{"line":104,"column":3}},"loc":{"start":{"line":104,"column":11},"end":{"line":149,"column":3}},"line":104}},"branchMap":{"0":{"loc":{"start":{"line":53,"column":4},"end":{"line":57,"column":5}},"type":"if","locations":[{"start":{"line":53,"column":4},"end":{"line":57,"column":5}},{"start":{"line":53,"column":4},"end":{"line":57,"column":5}}],"line":53},"1":{"loc":{"start":{"line":60,"column":16},"end":{"line":60,"column":50}},"type":"cond-expr","locations":[{"start":{"line":60,"column":38},"end":{"line":60,"column":43}},{"start":{"line":60,"column":46},"end":{"line":60,"column":50}}],"line":60},"2":{"loc":{"start":{"line":106,"column":4},"end":{"line":106,"column":127}},"type":"cond-expr","locations":[{"start":{"line":106,"column":32},"end":{"line":106,"column":51}},{"start":{"line":106,"column":54},"end":{"line":106,"column":127}}],"line":106},"3":{"loc":{"start":{"line":106,"column":54},"end":{"line":106,"column":127}},"type":"cond-expr","locations":[{"start":{"line":106,"column":77},"end":{"line":106,"column":100}},{"start":{"line":106,"column":103},"end":{"line":106,"column":127}}],"line":106},"4":{"loc":{"start":{"line":116,"column":9},"end":{"line":146,"column":28}},"type":"binary-expr","locations":[{"start":{"line":116,"column":9},"end":{"line":116,"column":25}},{"start":{"line":116,"column":29},"end":{"line":146,"column":28}}],"line":116},"5":{"loc":{"start":{"line":120,"column":13},"end":{"line":120,"column":86}},"type":"cond-expr","locations":[{"start":{"line":120,"column":33},"end":{"line":120,"column":40}},{"start":{"line":120,"column":43},"end":{"line":120,"column":86}}],"line":120},"6":{"loc":{"start":{"line":124,"column":13},"end":{"line":124,"column":83}},"type":"cond-expr","locations":[{"start":{"line":124,"column":33},"end":{"line":124,"column":40}},{"start":{"line":124,"column":43},"end":{"line":124,"column":83}}],"line":124},"7":{"loc":{"start":{"line":128,"column":13},"end":{"line":128,"column":85}},"type":"cond-expr","locations":[{"start":{"line":128,"column":33},"end":{"line":128,"column":40}},{"start":{"line":128,"column":43},"end":{"line":128,"column":85}}],"line":128},"8":{"loc":{"start":{"line":135,"column":15},"end":{"line":135,"column":123}},"type":"binary-expr","locations":[{"start":{"line":135,"column":15},"end":{"line":135,"column":31}},{"start":{"line":135,"column":35},"end":{"line":135,"column":123}}],"line":135},"9":{"loc":{"start":{"line":139,"column":15},"end":{"line":139,"column":166}},"type":"cond-expr","locations":[{"start":{"line":139,"column":35},"end":{"line":139,"column":42}},{"start":{"line":139,"column":45},"end":{"line":139,"column":166}}],"line":139},"10":{"loc":{"start":{"line":142,"column":13},"end":{"line":142,"column":241}},"type":"cond-expr","locations":[{"start":{"line":142,"column":33},"end":{"line":142,"column":40}},{"start":{"line":142,"column":43},"end":{"line":142,"column":241}}],"line":142}},"s":{"0":1,"1":1,"2":1,"3":1,"4":1,"5":1,"6":1,"7":1,"8":0,"9":0,"10":0,"11":0,"12":0,"13":0,"14":0,"15":0,"16":0,"17":0,"18":0,"19":1,"20":0,"21":0,"22":0,"23":0,"24":1,"25":1,"26":1,"27":250,"28":1,"29":0,"30":0,"31":0,"32":1,"33":1,"34":2,"35":2,"36":1,"37":1,"38":1,"39":1,"40":1,"41":1,"42":1,"43":1,"44":1,"45":1},"f":{"0":1,"1":0,"2":0,"3":0,"4":0,"5":0,"6":1,"7":0,"8":0,"9":0,"10":1,"11":0,"12":1,"13":2},"b":{"0":[0,0],"1":[0,0],"2":[2,0],"3":[0,0],"4":[2,0],"5":[0,0],"6":[0,0],"7":[0,0],"8":[0,0],"9":[0,0],"10":[0,0]},"_coverageSchema":"1a1c01bbd47fc00a2c39e90264f33305004495a9","hash":"31c7cca9d9e9451813da11da4434b03587de20c7"}
,"/Users/davidpaul/Documents/HackReactor/Main-Media-Player/client/src/components/albumpicture/AlbumPictureApp.jsx": {"path":"/Users/davidpaul/Documents/HackReactor/Main-Media-Player/client/src/components/albumpicture/AlbumPictureApp.jsx","statementMap":{"0":{"start":{"line":7,"column":4},"end":{"line":7,"column":17}},"1":{"start":{"line":9,"column":4},"end":{"line":11,"column":5}},"2":{"start":{"line":13,"column":4},"end":{"line":13,"column":51}},"3":{"start":{"line":17,"column":4},"end":{"line":25,"column":5}},"4":{"start":{"line":18,"column":6},"end":{"line":20,"column":9}},"5":{"start":{"line":22,"column":6},"end":{"line":24,"column":9}},"6":{"start":{"line":30,"column":4},"end":{"line":42,"column":6}},"7":{"start":{"line":48,"column":17},"end":{"line":50,"column":1}}},"fnMap":{"0":{"name":"(anonymous_0)","decl":{"start":{"line":6,"column":2},"end":{"line":6,"column":3}},"loc":{"start":{"line":6,"column":21},"end":{"line":14,"column":3}},"line":6},"1":{"name":"(anonymous_1)","decl":{"start":{"line":16,"column":2},"end":{"line":16,"column":3}},"loc":{"start":{"line":16,"column":16},"end":{"line":26,"column":3}},"line":16},"2":{"name":"(anonymous_2)","decl":{"start":{"line":29,"column":2},"end":{"line":29,"column":3}},"loc":{"start":{"line":29,"column":11},"end":{"line":43,"column":3}},"line":29}},"branchMap":{"0":{"loc":{"start":{"line":17,"column":4},"end":{"line":25,"column":5}},"type":"if","locations":[{"start":{"line":17,"column":4},"end":{"line":25,"column":5}},{"start":{"line":17,"column":4},"end":{"line":25,"column":5}}],"line":17},"1":{"loc":{"start":{"line":33,"column":9},"end":{"line":40,"column":16}},"type":"cond-expr","locations":[{"start":{"line":34,"column":10},"end":{"line":39,"column":18}},{"start":{"line":40,"column":12},"end":{"line":40,"column":16}}],"line":33}},"s":{"0":0,"1":0,"2":0,"3":0,"4":0,"5":0,"6":0,"7":1},"f":{"0":0,"1":0,"2":0},"b":{"0":[0,0],"1":[0,0]},"_coverageSchema":"1a1c01bbd47fc00a2c39e90264f33305004495a9","hash":"4cc9f4ae254dcc2d18c45f22a566761b407776ad"}
,"/Users/davidpaul/Documents/HackReactor/Main-Media-Player/client/src/components/albumpicture/Modal.jsx": {"path":"/Users/davidpaul/Documents/HackReactor/Main-Media-Player/client/src/components/albumpicture/Modal.jsx","statementMap":{"0":{"start":{"line":6,"column":18},"end":{"line":6,"column":54}},"1":{"start":{"line":9,"column":2},"end":{"line":20,"column":17}},"2":{"start":{"line":24,"column":21},"end":{"line":32,"column":1}},"3":{"start":{"line":34,"column":15},"end":{"line":41,"column":1}},"4":{"start":{"line":43,"column":16},"end":{"line":50,"column":1}},"5":{"start":{"line":52,"column":18},"end":{"line":64,"column":1}},"6":{"start":{"line":68,"column":22},"end":{"line":74,"column":1}},"7":{"start":{"line":76,"column":19},"end":{"line":81,"column":1}},"8":{"start":{"line":83,"column":17},"end":{"line":86,"column":1}}},"fnMap":{"0":{"name":"Modal","decl":{"start":{"line":8,"column":9},"end":{"line":8,"column":14}},"loc":{"start":{"line":8,"column":22},"end":{"line":21,"column":1}},"line":8}},"branchMap":{},"s":{"0":1,"1":0,"2":1,"3":1,"4":1,"5":1,"6":1,"7":1,"8":1},"f":{"0":0},"b":{},"_coverageSchema":"1a1c01bbd47fc00a2c39e90264f33305004495a9","hash":"6ed71a79967e844d2e0c75570da26312ecc30364"}
,"/Users/davidpaul/Documents/HackReactor/Main-Media-Player/client/src/components/comments/Avatar.jsx": {"path":"/Users/davidpaul/Documents/HackReactor/Main-Media-Player/client/src/components/comments/Avatar.jsx","statementMap":{"0":{"start":{"line":5,"column":2},"end":{"line":7,"column":3}},"1":{"start":{"line":10,"column":18},"end":{"line":15,"column":1}},"2":{"start":{"line":13,"column":18},"end":{"line":13,"column":31}}},"fnMap":{"0":{"name":"Avatar","decl":{"start":{"line":4,"column":9},"end":{"line":4,"column":15}},"loc":{"start":{"line":4,"column":23},"end":{"line":8,"column":1}},"line":4},"1":{"name":"(anonymous_1)","decl":{"start":{"line":13,"column":10},"end":{"line":13,"column":11}},"loc":{"start":{"line":13,"column":18},"end":{"line":13,"column":31}},"line":13}},"branchMap":{},"s":{"0":0,"1":1,"2":0},"f":{"0":0,"1":0},"b":{},"_coverageSchema":"1a1c01bbd47fc00a2c39e90264f33305004495a9","hash":"17d2ca58d75f17db377cc5f48801e6d906840fa9"}
,"/Users/davidpaul/Documents/HackReactor/Main-Media-Player/client/src/components/comments/Comment.jsx": {"path":"/Users/davidpaul/Documents/HackReactor/Main-Media-Player/client/src/components/comments/Comment.jsx","statementMap":{"0":{"start":{"line":5,"column":22},"end":{"line":10,"column":3}},"1":{"start":{"line":6,"column":4},"end":{"line":8,"column":5}},"2":{"start":{"line":7,"column":6},"end":{"line":7,"column":18}},"3":{"start":{"line":9,"column":4},"end":{"line":9,"column":17}},"4":{"start":{"line":12,"column":2},"end":{"line":19,"column":3}},"5":{"start":{"line":22,"column":16},"end":{"line":26,"column":1}},"6":{"start":{"line":28,"column":27},"end":{"line":40,"column":1}},"7":{"start":{"line":29,"column":21},"end":{"line":29,"column":31}},"8":{"start":{"line":30,"column":18},"end":{"line":30,"column":31}},"9":{"start":{"line":31,"column":19},"end":{"line":31,"column":38}},"10":{"start":{"line":42,"column":13},"end":{"line":46,"column":1}},"11":{"start":{"line":48,"column":13},"end":{"line":57,"column":1}},"12":{"start":{"line":56,"column":20},"end":{"line":56,"column":39}}},"fnMap":{"0":{"name":"Comment","decl":{"start":{"line":4,"column":9},"end":{"line":4,"column":16}},"loc":{"start":{"line":4,"column":24},"end":{"line":20,"column":1}},"line":4},"1":{"name":"(anonymous_1)","decl":{"start":{"line":5,"column":22},"end":{"line":5,"column":23}},"loc":{"start":{"line":5,"column":37},"end":{"line":10,"column":3}},"line":5},"2":{"name":"(anonymous_2)","decl":{"start":{"line":29,"column":13},"end":{"line":29,"column":14}},"loc":{"start":{"line":29,"column":21},"end":{"line":29,"column":31}},"line":29},"3":{"name":"(anonymous_3)","decl":{"start":{"line":30,"column":10},"end":{"line":30,"column":11}},"loc":{"start":{"line":30,"column":18},"end":{"line":30,"column":31}},"line":30},"4":{"name":"(anonymous_4)","decl":{"start":{"line":31,"column":11},"end":{"line":31,"column":12}},"loc":{"start":{"line":31,"column":19},"end":{"line":31,"column":38}},"line":31},"5":{"name":"(anonymous_5)","decl":{"start":{"line":56,"column":11},"end":{"line":56,"column":12}},"loc":{"start":{"line":56,"column":20},"end":{"line":56,"column":39}},"line":56}},"branchMap":{"0":{"loc":{"start":{"line":6,"column":4},"end":{"line":8,"column":5}},"type":"if","locations":[{"start":{"line":6,"column":4},"end":{"line":8,"column":5}},{"start":{"line":6,"column":4},"end":{"line":8,"column":5}}],"line":6},"1":{"loc":{"start":{"line":6,"column":8},"end":{"line":6,"column":72}},"type":"binary-expr","locations":[{"start":{"line":6,"column":8},"end":{"line":6,"column":38}},{"start":{"line":6,"column":42},"end":{"line":6,"column":72}}],"line":6},"2":{"loc":{"start":{"line":14,"column":7},"end":{"line":17,"column":27}},"type":"binary-expr","locations":[{"start":{"line":14,"column":7},"end":{"line":14,"column":43}},{"start":{"line":14,"column":47},"end":{"line":17,"column":27}}],"line":14}},"s":{"0":0,"1":0,"2":0,"3":0,"4":0,"5":1,"6":1,"7":0,"8":0,"9":0,"10":1,"11":1,"12":0},"f":{"0":0,"1":0,"2":0,"3":0,"4":0,"5":0},"b":{"0":[0,0],"1":[0,0],"2":[0,0]},"_coverageSchema":"1a1c01bbd47fc00a2c39e90264f33305004495a9","hash":"62248f99857434ee9b85f8b635f1f3f2b6a1cbd5"}
,"/Users/davidpaul/Documents/HackReactor/Main-Media-Player/client/src/components/comments/CommentsApp.jsx": {"path":"/Users/davidpaul/Documents/HackReactor/Main-Media-Player/client/src/components/comments/CommentsApp.jsx","statementMap":{"0":{"start":{"line":8,"column":4},"end":{"line":8,"column":17}},"1":{"start":{"line":10,"column":4},"end":{"line":12,"column":5}},"2":{"start":{"line":18,"column":4},"end":{"line":23,"column":5}},"3":{"start":{"line":20,"column":49},"end":{"line":20,"column":124}},"4":{"start":{"line":21,"column":49},"end":{"line":21,"column":156}},"5":{"start":{"line":28,"column":23},"end":{"line":32,"column":1}}},"fnMap":{"0":{"name":"(anonymous_0)","decl":{"start":{"line":7,"column":2},"end":{"line":7,"column":3}},"loc":{"start":{"line":7,"column":21},"end":{"line":13,"column":3}},"line":7},"1":{"name":"(anonymous_1)","decl":{"start":{"line":17,"column":2},"end":{"line":17,"column":3}},"loc":{"start":{"line":17,"column":11},"end":{"line":24,"column":3}},"line":17},"2":{"name":"(anonymous_2)","decl":{"start":{"line":20,"column":33},"end":{"line":20,"column":34}},"loc":{"start":{"line":20,"column":49},"end":{"line":20,"column":124}},"line":20},"3":{"name":"(anonymous_3)","decl":{"start":{"line":21,"column":33},"end":{"line":21,"column":34}},"loc":{"start":{"line":21,"column":49},"end":{"line":21,"column":156}},"line":21}},"branchMap":{},"s":{"0":0,"1":0,"2":0,"3":0,"4":0,"5":1},"f":{"0":0,"1":0,"2":0,"3":0},"b":{},"_coverageSchema":"1a1c01bbd47fc00a2c39e90264f33305004495a9","hash":"f79894ba042b88b3b39212f849cc2f23f2b3539b"}
,"/Users/davidpaul/Documents/HackReactor/Main-Media-Player/client/src/components/datetag/DateTagApp.jsx": {"path":"/Users/davidpaul/Documents/HackReactor/Main-Media-Player/client/src/components/datetag/DateTagApp.jsx","statementMap":{"0":{"start":{"line":5,"column":19},"end":{"line":24,"column":3}},"1":{"start":{"line":6,"column":23},"end":{"line":6,"column":50}},"2":{"start":{"line":7,"column":24},"end":{"line":7,"column":34}},"3":{"start":{"line":8,"column":21},"end":{"line":8,"column":55}},"4":{"start":{"line":10,"column":21},"end":{"line":10,"column":64}},"5":{"start":{"line":13,"column":4},"end":{"line":23,"column":5}},"6":{"start":{"line":14,"column":6},"end":{"line":14,"column":101}},"7":{"start":{"line":16,"column":11},"end":{"line":23,"column":5}},"8":{"start":{"line":17,"column":19},"end":{"line":17,"column":42}},"9":{"start":{"line":18,"column":6},"end":{"line":18,"column":75}},"10":{"start":{"line":21,"column":18},"end":{"line":21,"column":42}},"11":{"start":{"line":22,"column":6},"end":{"line":22,"column":70}},"12":{"start":{"line":26,"column":2},"end":{"line":31,"column":4}},"13":{"start":{"line":36,"column":18},"end":{"line":41,"column":1}},"14":{"start":{"line":43,"column":14},"end":{"line":47,"column":1}},"15":{"start":{"line":49,"column":12},"end":{"line":55,"column":1}}},"fnMap":{"0":{"name":"DateTagApp","decl":{"start":{"line":4,"column":9},"end":{"line":4,"column":19}},"loc":{"start":{"line":4,"column":27},"end":{"line":32,"column":1}},"line":4},"1":{"name":"(anonymous_1)","decl":{"start":{"line":5,"column":19},"end":{"line":5,"column":20}},"loc":{"start":{"line":5,"column":25},"end":{"line":24,"column":3}},"line":5}},"branchMap":{"0":{"loc":{"start":{"line":13,"column":4},"end":{"line":23,"column":5}},"type":"if","locations":[{"start":{"line":13,"column":4},"end":{"line":23,"column":5}},{"start":{"line":13,"column":4},"end":{"line":23,"column":5}}],"line":13},"1":{"loc":{"start":{"line":14,"column":13},"end":{"line":14,"column":100}},"type":"cond-expr","locations":[{"start":{"line":14,"column":30},"end":{"line":14,"column":63}},{"start":{"line":14,"column":66},"end":{"line":14,"column":100}}],"line":14},"2":{"loc":{"start":{"line":16,"column":11},"end":{"line":23,"column":5}},"type":"if","locations":[{"start":{"line":16,"column":11},"end":{"line":23,"column":5}},{"start":{"line":16,"column":11},"end":{"line":23,"column":5}}],"line":16},"3":{"loc":{"start":{"line":16,"column":15},"end":{"line":16,"column":47}},"type":"binary-expr","locations":[{"start":{"line":16,"column":15},"end":{"line":16,"column":28}},{"start":{"line":16,"column":32},"end":{"line":16,"column":47}}],"line":16},"4":{"loc":{"start":{"line":18,"column":13},"end":{"line":18,"column":74}},"type":"cond-expr","locations":[{"start":{"line":18,"column":28},"end":{"line":18,"column":49}},{"start":{"line":18,"column":52},"end":{"line":18,"column":74}}],"line":18},"5":{"loc":{"start":{"line":22,"column":13},"end":{"line":22,"column":69}},"type":"cond-expr","locations":[{"start":{"line":22,"column":27},"end":{"line":22,"column":46}},{"start":{"line":22,"column":49},"end":{"line":22,"column":69}}],"line":22}},"s":{"0":0,"1":0,"2":0,"3":0,"4":0,"5":0,"6":0,"7":0,"8":0,"9":0,"10":0,"11":0,"12":0,"13":1,"14":1,"15":1},"f":{"0":0,"1":0},"b":{"0":[0,0],"1":[0,0],"2":[0,0],"3":[0,0],"4":[0,0],"5":[0,0]},"_coverageSchema":"1a1c01bbd47fc00a2c39e90264f33305004495a9","hash":"6caf72ce272f6cab1a1632caa59238f2471db793"}
,"/Users/davidpaul/Documents/HackReactor/Main-Media-Player/client/src/components/playbutton/PlayButtonApp.jsx": {"path":"/Users/davidpaul/Documents/HackReactor/Main-Media-Player/client/src/components/playbutton/PlayButtonApp.jsx","statementMap":{"0":{"start":{"line":5,"column":20},"end":{"line":5,"column":59}},"1":{"start":{"line":6,"column":2},"end":{"line":10,"column":4}},"2":{"start":{"line":14,"column":24},"end":{"line":25,"column":1}}},"fnMap":{"0":{"name":"PlayButtonApp","decl":{"start":{"line":4,"column":9},"end":{"line":4,"column":22}},"loc":{"start":{"line":4,"column":30},"end":{"line":11,"column":1}},"line":4}},"branchMap":{"0":{"loc":{"start":{"line":5,"column":20},"end":{"line":5,"column":59}},"type":"cond-expr","locations":[{"start":{"line":5,"column":37},"end":{"line":5,"column":49}},{"start":{"line":5,"column":52},"end":{"line":5,"column":59}}],"line":5}},"s":{"0":0,"1":0,"2":1},"f":{"0":0},"b":{"0":[0,0]},"_coverageSchema":"1a1c01bbd47fc00a2c39e90264f33305004495a9","hash":"84d71e25f375c54137a883afd631589a8d9d06f1"}
,"/Users/davidpaul/Documents/HackReactor/Main-Media-Player/client/src/components/songartist/SongArtistApp.jsx": {"path":"/Users/davidpaul/Documents/HackReactor/Main-Media-Player/client/src/components/songartist/SongArtistApp.jsx","statementMap":{"0":{"start":{"line":5,"column":2},"end":{"line":12,"column":4}},"1":{"start":{"line":15,"column":18},"end":{"line":21,"column":1}},"2":{"start":{"line":23,"column":15},"end":{"line":28,"column":1}},"3":{"start":{"line":30,"column":18},"end":{"line":36,"column":1}}},"fnMap":{"0":{"name":"SongArtistApp","decl":{"start":{"line":4,"column":9},"end":{"line":4,"column":22}},"loc":{"start":{"line":4,"column":30},"end":{"line":13,"column":1}},"line":4}},"branchMap":{},"s":{"0":0,"1":1,"2":1,"3":1},"f":{"0":0},"b":{},"_coverageSchema":"1a1c01bbd47fc00a2c39e90264f33305004495a9","hash":"1ca20a158cc53ee77c4ef379f7803df38019fe3f"}
,"/Users/davidpaul/Documents/HackReactor/Main-Media-Player/client/src/components/waveform/WaveFormApp.jsx": {"path":"/Users/davidpaul/Documents/HackReactor/Main-Media-Player/client/src/components/waveform/WaveFormApp.jsx","statementMap":{"0":{"start":{"line":6,"column":19},"end":{"line":11,"column":3}},"1":{"start":{"line":7,"column":4},"end":{"line":9,"column":5}},"2":{"start":{"line":8,"column":6},"end":{"line":8,"column":18}},"3":{"start":{"line":10,"column":4},"end":{"line":10,"column":17}},"4":{"start":{"line":13,"column":2},"end":{"line":23,"column":4}},"5":{"start":{"line":15,"column":42},"end":{"line":21,"column":8}},"6":{"start":{"line":20,"column":24},"end":{"line":20,"column":64}},"7":{"start":{"line":27,"column":17},"end":{"line":39,"column":1}},"8":{"start":{"line":34,"column":22},"end":{"line":34,"column":52}},"9":{"start":{"line":41,"column":20},"end":{"line":50,"column":1}},"10":{"start":{"line":52,"column":12},"end":{"line":64,"column":1}},"11":{"start":{"line":52,"column":39},"end":{"line":56,"column":1}},"12":{"start":{"line":60,"column":20},"end":{"line":62,"column":3}}},"fnMap":{"0":{"name":"WaveFormApp","decl":{"start":{"line":4,"column":9},"end":{"line":4,"column":20}},"loc":{"start":{"line":4,"column":28},"end":{"line":24,"column":1}},"line":4},"1":{"name":"(anonymous_1)","decl":{"start":{"line":6,"column":19},"end":{"line":6,"column":20}},"loc":{"start":{"line":6,"column":30},"end":{"line":11,"column":3}},"line":6},"2":{"name":"(anonymous_2)","decl":{"start":{"line":15,"column":24},"end":{"line":15,"column":25}},"loc":{"start":{"line":15,"column":42},"end":{"line":21,"column":8}},"line":15},"3":{"name":"(anonymous_3)","decl":{"start":{"line":20,"column":17},"end":{"line":20,"column":18}},"loc":{"start":{"line":20,"column":24},"end":{"line":20,"column":64}},"line":20},"4":{"name":"(anonymous_4)","decl":{"start":{"line":34,"column":13},"end":{"line":34,"column":14}},"loc":{"start":{"line":34,"column":22},"end":{"line":34,"column":52}},"line":34},"5":{"name":"(anonymous_5)","decl":{"start":{"line":52,"column":29},"end":{"line":52,"column":30}},"loc":{"start":{"line":52,"column":39},"end":{"line":56,"column":1}},"line":52},"6":{"name":"(anonymous_6)","decl":{"start":{"line":60,"column":4},"end":{"line":60,"column":5}},"loc":{"start":{"line":60,"column":20},"end":{"line":62,"column":3}},"line":60}},"branchMap":{"0":{"loc":{"start":{"line":7,"column":4},"end":{"line":9,"column":5}},"type":"if","locations":[{"start":{"line":7,"column":4},"end":{"line":9,"column":5}},{"start":{"line":7,"column":4},"end":{"line":9,"column":5}}],"line":7},"1":{"loc":{"start":{"line":34,"column":22},"end":{"line":34,"column":52}},"type":"cond-expr","locations":[{"start":{"line":34,"column":39},"end":{"line":34,"column":45}},{"start":{"line":34,"column":48},"end":{"line":34,"column":52}}],"line":34},"2":{"loc":{"start":{"line":60,"column":20},"end":{"line":62,"column":3}},"type":"binary-expr","locations":[{"start":{"line":60,"column":20},"end":{"line":60,"column":26}},{"start":{"line":60,"column":30},"end":{"line":62,"column":3}}],"line":60}},"s":{"0":0,"1":0,"2":0,"3":0,"4":0,"5":0,"6":0,"7":1,"8":0,"9":1,"10":1,"11":0,"12":0},"f":{"0":0,"1":0,"2":0,"3":0,"4":0,"5":0,"6":0},"b":{"0":[0,0],"1":[0,0],"2":[0,0]},"_coverageSchema":"1a1c01bbd47fc00a2c39e90264f33305004495a9","hash":"e7415626d6ad6ead6afbd3d9b907856899191aec"}
}
