TN:
SF:client/src/index.jsx
FNF:0
FNH:0
DA:5,0
LF:1
LH:0
BRF:0
BRH:0
end_of_record
TN:
SF:client/src/components/App.jsx
FN:13,(anonymous_0)
FN:32,(anonymous_1)
FN:41,(anonymous_2)
FN:42,(anonymous_3)
FN:50,(anonymous_4)
FN:51,(anonymous_5)
FN:64,(anonymous_6)
FN:66,(anonymous_7)
FN:69,(anonymous_8)
FN:77,(anonymous_9)
FN:82,(anonymous_10)
FN:92,(anonymous_11)
FN:99,(anonymous_12)
FN:104,(anonymous_13)
FNF:14
FNH:5
FNDA:1,(anonymous_0)
FNDA:0,(anonymous_1)
FNDA:0,(anonymous_2)
FNDA:0,(anonymous_3)
FNDA:0,(anonymous_4)
FNDA:0,(anonymous_5)
FNDA:1,(anonymous_6)
FNDA:0,(anonymous_7)
FNDA:0,(anonymous_8)
FNDA:0,(anonymous_9)
FNDA:1,(anonymous_10)
FNDA:0,(anonymous_11)
FNDA:1,(anonymous_12)
FNDA:2,(anonymous_13)
DA:14,1
DA:16,1
DA:24,1
DA:25,1
DA:26,1
DA:27,1
DA:28,1
DA:29,1
DA:33,0
DA:34,0
DA:35,0
DA:42,0
DA:43,0
DA:51,0
DA:53,0
DA:54,0
DA:56,0
DA:59,0
DA:65,1
DA:67,0
DA:70,0
DA:73,0
DA:78,0
DA:83,1
DA:84,1
DA:85,250
DA:87,1
DA:93,0
DA:94,0
DA:95,0
DA:100,1
DA:101,1
DA:106,2
DA:114,2
DA:154,1
DA:170,1
DA:176,1
DA:183,1
DA:190,1
DA:200,1
DA:210,1
DA:219,1
DA:223,1
DA:227,1
LF:44
LH:27
BRDA:53,0,0,0
BRDA:53,0,1,0
BRDA:60,1,0,0
BRDA:60,1,1,0
BRDA:106,2,0,2
BRDA:106,2,1,0
BRDA:106,3,0,0
BRDA:106,3,1,0
BRDA:116,4,0,2
BRDA:116,4,1,0
BRDA:120,5,0,0
BRDA:120,5,1,0
BRDA:124,6,0,0
BRDA:124,6,1,0
BRDA:128,7,0,0
BRDA:128,7,1,0
BRDA:135,8,0,0
BRDA:135,8,1,0
BRDA:139,9,0,0
BRDA:139,9,1,0
BRDA:142,10,0,0
BRDA:142,10,1,0
BRF:22
BRH:2
end_of_record
TN:
SF:client/src/components/albumpicture/AlbumPictureApp.jsx
FN:6,(anonymous_0)
FN:16,(anonymous_1)
FN:29,(anonymous_2)
FNF:3
FNH:0
FNDA:0,(anonymous_0)
FNDA:0,(anonymous_1)
FNDA:0,(anonymous_2)
DA:7,0
DA:9,0
DA:13,0
DA:17,0
DA:18,0
DA:22,0
DA:30,0
DA:48,1
LF:8
LH:1
BRDA:17,0,0,0
BRDA:17,0,1,0
BRDA:33,1,0,0
BRDA:33,1,1,0
BRF:4
BRH:0
end_of_record
TN:
SF:client/src/components/albumpicture/Modal.jsx
FN:8,Modal
FNF:1
FNH:0
FNDA:0,Modal
DA:6,1
DA:9,0
DA:24,1
DA:34,1
DA:43,1
DA:52,1
DA:68,1
DA:76,1
DA:83,1
LF:9
LH:8
BRF:0
BRH:0
end_of_record
TN:
SF:client/src/components/comments/Avatar.jsx
FN:4,Avatar
FN:13,(anonymous_1)
FNF:2
FNH:0
FNDA:0,Avatar
FNDA:0,(anonymous_1)
DA:5,0
DA:10,1
DA:13,0
LF:3
LH:1
BRF:0
BRH:0
end_of_record
TN:
SF:client/src/components/comments/Comment.jsx
FN:4,Comment
FN:5,(anonymous_1)
FN:29,(anonymous_2)
FN:30,(anonymous_3)
FN:31,(anonymous_4)
FN:56,(anonymous_5)
FNF:6
FNH:0
FNDA:0,Comment
FNDA:0,(anonymous_1)
FNDA:0,(anonymous_2)
FNDA:0,(anonymous_3)
FNDA:0,(anonymous_4)
FNDA:0,(anonymous_5)
DA:5,0
DA:6,0
DA:7,0
DA:9,0
DA:12,0
DA:22,1
DA:28,1
DA:29,0
DA:30,0
DA:31,0
DA:42,1
DA:48,1
DA:56,0
LF:13
LH:4
BRDA:6,0,0,0
BRDA:6,0,1,0
BRDA:6,1,0,0
BRDA:6,1,1,0
BRDA:14,2,0,0
BRDA:14,2,1,0
BRF:6
BRH:0
end_of_record
TN:
SF:client/src/components/comments/CommentsApp.jsx
FN:7,(anonymous_0)
FN:17,(anonymous_1)
FN:20,(anonymous_2)
FN:21,(anonymous_3)
FNF:4
FNH:0
FNDA:0,(anonymous_0)
FNDA:0,(anonymous_1)
FNDA:0,(anonymous_2)
FNDA:0,(anonymous_3)
DA:8,0
DA:10,0
DA:18,0
DA:20,0
DA:21,0
DA:28,1
LF:6
LH:1
BRF:0
BRH:0
end_of_record
TN:
SF:client/src/components/datetag/DateTagApp.jsx
FN:4,DateTagApp
FN:5,(anonymous_1)
FNF:2
FNH:0
FNDA:0,DateTagApp
FNDA:0,(anonymous_1)
DA:5,0
DA:6,0
DA:7,0
DA:8,0
DA:10,0
DA:13,0
DA:14,0
DA:16,0
DA:17,0
DA:18,0
DA:21,0
DA:22,0
DA:26,0
DA:36,1
DA:43,1
DA:49,1
LF:16
LH:3
BRDA:13,0,0,0
BRDA:13,0,1,0
BRDA:14,1,0,0
BRDA:14,1,1,0
BRDA:16,2,0,0
BRDA:16,2,1,0
BRDA:16,3,0,0
BRDA:16,3,1,0
BRDA:18,4,0,0
BRDA:18,4,1,0
BRDA:22,5,0,0
BRDA:22,5,1,0
BRF:12
BRH:0
end_of_record
TN:
SF:client/src/components/playbutton/PlayButtonApp.jsx
FN:4,PlayButtonApp
FNF:1
FNH:0
FNDA:0,PlayButtonApp
DA:5,0
DA:6,0
DA:14,1
LF:3
LH:1
BRDA:5,0,0,0
BRDA:5,0,1,0
BRF:2
BRH:0
end_of_record
TN:
SF:client/src/components/songartist/SongArtistApp.jsx
FN:4,SongArtistApp
FNF:1
FNH:0
FNDA:0,SongArtistApp
DA:5,0
DA:15,1
DA:23,1
DA:30,1
LF:4
LH:3
BRF:0
BRH:0
end_of_record
TN:
SF:client/src/components/waveform/WaveFormApp.jsx
FN:4,WaveFormApp
FN:6,(anonymous_1)
FN:15,(anonymous_2)
FN:20,(anonymous_3)
FN:34,(anonymous_4)
FN:52,(anonymous_5)
FN:60,(anonymous_6)
FNF:7
FNH:0
FNDA:0,WaveFormApp
FNDA:0,(anonymous_1)
FNDA:0,(anonymous_2)
FNDA:0,(anonymous_3)
FNDA:0,(anonymous_4)
FNDA:0,(anonymous_5)
FNDA:0,(anonymous_6)
DA:6,0
DA:7,0
DA:8,0
DA:10,0
DA:13,0
DA:15,0
DA:20,0
DA:27,1
DA:34,0
DA:41,1
DA:52,1
DA:60,0
LF:12
LH:3
BRDA:7,0,0,0
BRDA:7,0,1,0
BRDA:34,1,0,0
BRDA:34,1,1,0
BRDA:60,2,0,0
BRDA:60,2,1,0
BRF:6
BRH:0
end_of_record
